<?xml version="1.0" encoding="UTF-8"?>
<testng-results skipped="0" failed="0" ignored="0" total="1" passed="1">
  <reporter-output>
  </reporter-output>
  <suite name="Surefire suite" duration-ms="2946" started-at="2019-01-09T12:38:52Z" finished-at="2019-01-09T12:38:55Z">
    <groups>
    </groups>
    <test name="Surefire test" duration-ms="2946" started-at="2019-01-09T12:38:52Z" finished-at="2019-01-09T12:38:55Z">
      <class name="com.Loga.tests.QATest">
        <test-method status="PASS" signature="loginToAPP()[pri:0, instance:com.Loga.tests.QATest@209da20d]" name="loginToAPP" is-config="true" duration-ms="5062" started-at="2019-01-09T12:38:47Z" finished-at="2019-01-09T12:38:52Z">
          <reporter-output>
          </reporter-output>
        </test-method> <!-- loginToAPP -->
        <test-method status="PASS" signature="test()[pri:0, instance:com.Loga.tests.QATest@209da20d]" name="test" duration-ms="2921" started-at="2019-01-09T12:38:52Z" finished-at="2019-01-09T12:38:55Z">
          <reporter-output>
          </reporter-output>
        </test-method> <!-- test -->
      </class> <!-- com.Loga.tests.QATest -->
    </test> <!-- Surefire test -->
  </suite> <!-- Surefire suite -->
</testng-results>
